<?xml version="1.0" encoding="UTF-8"?>
<!-- Generated by org.testng.reporters.JUnitReportReporter -->
<testsuite hostname="Shubham" failures="0" tests="2" name="com.MyStore.TestCasesLayer.TC_001_MyAccountPageTest" time="17.942" errors="0" timestamp="2023-11-10T16:43:31 IST" skipped="1">
  <testcase classname="com.MyStore.TestCasesLayer.TC_001_MyAccountPageTest" name="verifylogin" time="17.942"/>
  <testcase classname="com.MyStore.TestCasesLayer.TC_001_MyAccountPageTest" name="verifyRegistrationAndLogin">
    <skipped/>
  </testcase> <!-- verifyRegistrationAndLogin -->
</testsuite> <!-- com.MyStore.TestCasesLayer.TC_001_MyAccountPageTest -->
